<?xml version="1.0" encoding="UTF-8"?>
<!-- Generated by org.testng.reporters.JUnitReportReporter -->
<testsuite skipped="0" hostname="GUDU-PC" name="testCases.TC_001_AccountRegistration" tests="1" failures="0" timestamp="2021-04-27T19:31:45 IST" time="23.395" errors="0">
  <testcase name="test_accout_Registration" time="23.395" classname="testCases.TC_001_AccountRegistration"/>
  <system-out/>
</testsuite> <!-- testCases.TC_001_AccountRegistration -->
