<?xml version="1.0" encoding="UTF-8"?>
<!-- Generated by org.testng.reporters.JUnitReportReporter -->
<testsuite skipped="0" hostname="GUDU-PC" name="testCases.TC_002_Login" tests="1" failures="0" timestamp="2021-04-27T19:31:45 IST" time="15.850" errors="0">
  <testcase name="test_Login" time="15.850" classname="testCases.TC_002_Login"/>
  <system-out/>
</testsuite> <!-- testCases.TC_002_Login -->
